<?xml version="1.0" encoding="UTF-8"?>
<testng-results ignored="0" total="2" passed="2" failed="0" skipped="0">
  <reporter-output>
  </reporter-output>
  <suite started-at="2022-01-26T07:37:55 IST" name="Suite" finished-at="2022-01-26T07:37:55 IST" duration-ms="40">
    <groups>
    </groups>
    <test started-at="2022-01-26T07:37:55 IST" name="Test" finished-at="2022-01-26T07:37:55 IST" duration-ms="40">
      <class name="testng2.tc1">
        <test-method signature="tc12()[pri:0, instance:testng2.tc1@696da30b]" started-at="2022-01-26T07:37:55 IST" name="tc12" finished-at="2022-01-26T07:37:55 IST" duration-ms="1" status="PASS">
          <reporter-output>
          </reporter-output>
        </test-method> <!-- tc12 -->
      </class> <!-- testng2.tc1 -->
      <class name="Testng.testcase">
        <test-method signature="testcase1()[pri:0, instance:Testng.testcase@26275bef]" started-at="2022-01-26T07:37:55 IST" name="testcase1" finished-at="2022-01-26T07:37:55 IST" duration-ms="8" status="PASS">
          <reporter-output>
          </reporter-output>
        </test-method> <!-- testcase1 -->
      </class> <!-- Testng.testcase -->
    </test> <!-- Test -->
  </suite> <!-- Suite -->
</testng-results>
